INFO: Running with entropic power schedule (0xFF, 100).
INFO: Seed: 1343390243
INFO: Loaded 1 modules   (5 inline 8-bit counters): 5 [0x63ffb8, 0x63ffbd), 
INFO: Loaded 1 PC tables (5 PCs): 5 [0x5caeb0,0x5caf00), 
MERGE-OUTER: 1116 files, 0 in the initial corpus, 0 processed earlier
MERGE-OUTER: attempt 1
INFO: Running with entropic power schedule (0xFF, 100).
INFO: Seed: 1343416744
INFO: Loaded 1 modules   (5 inline 8-bit counters): 5 [0x63ffb8, 0x63ffbd), 
INFO: Loaded 1 PC tables (5 PCs): 5 [0x5caeb0,0x5caf00), 
INFO: -max_len is not provided; libFuzzer will not generate inputs larger than 1048576 bytes
MERGE-INNER: using the control file '/tmp/libFuzzerTemp.Merge270.txt'
MERGE-INNER: 1116 total files; 0 processed earlier; will process 1116 files now
#1	pulse  cov: 3 ft: 4 exec/s: 0 rss: 30Mb
#2	pulse  cov: 3 ft: 4 exec/s: 0 rss: 30Mb
#4	pulse  cov: 3 ft: 4 exec/s: 0 rss: 30Mb
#8	pulse  cov: 3 ft: 4 exec/s: 0 rss: 30Mb
#16	pulse  cov: 4 ft: 5 exec/s: 0 rss: 30Mb
#32	pulse  cov: 4 ft: 5 exec/s: 0 rss: 30Mb
#64	pulse  cov: 4 ft: 5 exec/s: 0 rss: 30Mb
#128	pulse  cov: 4 ft: 5 exec/s: 0 rss: 30Mb
#256	pulse  cov: 4 ft: 5 exec/s: 0 rss: 30Mb
#512	pulse  cov: 4 ft: 5 exec/s: 0 rss: 30Mb
#1024	pulse  cov: 4 ft: 5 exec/s: 0 rss: 30Mb
#1116	DONE   cov: 4 ft: 5 exec/s: 0 rss: 30Mb
MERGE-OUTER: successful in 1 attempt(s)
MERGE-OUTER: the control file has 140645 bytes
MERGE-OUTER: consumed 0Mb (30Mb rss) to parse the control file
MERGE-OUTER: 2 new files with 5 new features added; 4 new coverage edges
