INFO: Running with entropic power schedule (0xFF, 100).
INFO: Seed: 3749331889
INFO: Loaded 1 modules   (126 inline 8-bit counters): 126 [0x692968, 0x6929e6), 
INFO: Loaded 1 PC tables (126 PCs): 126 [0x5ff7f0,0x5fffd0), 
MERGE-OUTER: 13561 files, 0 in the initial corpus, 0 processed earlier
MERGE-OUTER: attempt 1
INFO: Running with entropic power schedule (0xFF, 100).
INFO: Seed: 3749371875
INFO: Loaded 1 modules   (126 inline 8-bit counters): 126 [0x692968, 0x6929e6), 
INFO: Loaded 1 PC tables (126 PCs): 126 [0x5ff7f0,0x5fffd0), 
INFO: -max_len is not provided; libFuzzer will not generate inputs larger than 1048576 bytes
MERGE-INNER: using the control file '/tmp/libFuzzerTemp.Merge225.txt'
MERGE-INNER: 13561 total files; 0 processed earlier; will process 13561 files now
#1	pulse  cov: 23 ft: 24 exec/s: 0 rss: 32Mb
#2	pulse  cov: 23 ft: 24 exec/s: 0 rss: 32Mb
#4	pulse  cov: 23 ft: 24 exec/s: 0 rss: 32Mb
#8	pulse  cov: 23 ft: 25 exec/s: 0 rss: 32Mb
#16	pulse  cov: 23 ft: 25 exec/s: 0 rss: 32Mb
#32	pulse  cov: 23 ft: 25 exec/s: 0 rss: 32Mb
#64	pulse  cov: 27 ft: 29 exec/s: 0 rss: 32Mb
#128	pulse  cov: 27 ft: 29 exec/s: 0 rss: 32Mb
#256	pulse  cov: 27 ft: 29 exec/s: 0 rss: 32Mb
#512	pulse  cov: 30 ft: 37 exec/s: 0 rss: 32Mb
#1024	pulse  cov: 34 ft: 62 exec/s: 0 rss: 32Mb
#2048	pulse  cov: 38 ft: 89 exec/s: 0 rss: 32Mb
#4096	pulse  cov: 39 ft: 117 exec/s: 0 rss: 32Mb
#8192	pulse  cov: 39 ft: 148 exec/s: 0 rss: 32Mb
#13561	DONE   cov: 39 ft: 164 exec/s: 4520 rss: 33Mb
MERGE-OUTER: successful in 1 attempt(s)
MERGE-OUTER: the control file has 1782848 bytes
MERGE-OUTER: consumed 1Mb (33Mb rss) to parse the control file
MERGE-OUTER: 90 new files with 164 new features added; 39 new coverage edges
