INFO: Running with entropic power schedule (0xFF, 100).
INFO: Seed: 2205769544
INFO: Loaded 1 modules   (63 inline 8-bit counters): 63 [0x690960, 0x69099f), 
INFO: Loaded 1 PC tables (63 PCs): 63 [0x5fdb08,0x5fdef8), 
MERGE-OUTER: 13991 files, 0 in the initial corpus, 0 processed earlier
MERGE-OUTER: attempt 1
INFO: Running with entropic power schedule (0xFF, 100).
INFO: Seed: 2205847673
INFO: Loaded 1 modules   (63 inline 8-bit counters): 63 [0x690960, 0x69099f), 
INFO: Loaded 1 PC tables (63 PCs): 63 [0x5fdb08,0x5fdef8), 
INFO: -max_len is not provided; libFuzzer will not generate inputs larger than 1048576 bytes
MERGE-INNER: using the control file '/tmp/libFuzzerTemp.Merge210.txt'
MERGE-INNER: 13991 total files; 0 processed earlier; will process 13991 files now
#1	pulse  cov: 20 ft: 21 exec/s: 0 rss: 31Mb
#2	pulse  cov: 21 ft: 22 exec/s: 0 rss: 31Mb
#4	pulse  cov: 21 ft: 22 exec/s: 0 rss: 31Mb
#8	pulse  cov: 21 ft: 22 exec/s: 0 rss: 31Mb
#16	pulse  cov: 24 ft: 26 exec/s: 0 rss: 31Mb
#32	pulse  cov: 24 ft: 26 exec/s: 0 rss: 31Mb
#64	pulse  cov: 30 ft: 36 exec/s: 0 rss: 31Mb
#128	pulse  cov: 32 ft: 38 exec/s: 0 rss: 31Mb
#256	pulse  cov: 33 ft: 44 exec/s: 0 rss: 31Mb
#512	pulse  cov: 37 ft: 57 exec/s: 0 rss: 31Mb
#1024	pulse  cov: 40 ft: 86 exec/s: 0 rss: 31Mb
#2048	pulse  cov: 45 ft: 128 exec/s: 0 rss: 31Mb
#4096	pulse  cov: 46 ft: 196 exec/s: 0 rss: 32Mb
#8192	pulse  cov: 46 ft: 229 exec/s: 0 rss: 32Mb
#13991	DONE   cov: 46 ft: 257 exec/s: 4663 rss: 33Mb
MERGE-OUTER: successful in 1 attempt(s)
MERGE-OUTER: the control file has 1908776 bytes
MERGE-OUTER: consumed 1Mb (34Mb rss) to parse the control file
MERGE-OUTER: 123 new files with 257 new features added; 46 new coverage edges
